<?xml version="1.0" encoding="UTF-8"?>
<!-- Generated by org.testng.reporters.JUnitXMLReporter -->
<testsuite ignored="1" hostname="A-ABDELSATAR" failures="0" tests="3" name="Test" time="2.032" errors="0" timestamp="2022-02-15T09:29:36 EET">
  <testcase classname="baseSetup.Config_Setup" name="@BeforeMethod Setup" time="1.141">
    <failure type="org.openqa.selenium.SessionNotCreatedException" message="session not created: This version of ChromeDriver only supports Chrome version 96
Current browser version is 98.0.4758.82 with binary path C:\Program Files\Google\Chrome\Application\chrome.exe
Build info: version: &amp;apos;3.13.0&amp;apos;, revision: &amp;apos;2f0d292&amp;apos;, time: &amp;apos;2018-06-25T15:24:21.231Z&amp;apos;
System info: host: &amp;apos;A-ABDELSATAR&amp;apos;, ip: &amp;apos;197.168.3.131&amp;apos;, os.name: &amp;apos;Windows 10&amp;apos;, os.arch: &amp;apos;amd64&amp;apos;, os.version: &amp;apos;10.0&amp;apos;, java.version: &amp;apos;16.0.2&amp;apos;
Driver info: driver.version: ChromeDriver
remote stacktrace: Backtrace:
	Ordinal0 [0x013F6903+2517251]
	Ordinal0 [0x0138F8E1+2095329]
	Ordinal0 [0x01292848+1058888]
	Ordinal0 [0x012B0B9D+1182621]
	Ordinal0 [0x012ACA60+1165920]
	Ordinal0 [0x012AA2CF+1155791]
	Ordinal0 [0x012DAAAF+1354415]
	Ordinal0 [0x012DA71A+1353498]
	Ordinal0 [0x012D639B+1336219]
	Ordinal0 [0x012B27A7+1189799]
	Ordinal0 [0x012B3609+1193481]
	GetHandleVerifier [0x01585904+1577972]
	GetHandleVerifier [0x01630B97+2279047]
	GetHandleVerifier [0x01486D09+534521]
	GetHandleVerifier [0x01485DB9+530601]
	Ordinal0 [0x01394FF9+2117625]
	Ordinal0 [0x013998A8+2136232]
	Ordinal0 [0x013999E2+2136546]
	Ordinal0 [0x013A3541+2176321]
	BaseThreadInitThunk [0x746E0419+25]
	RtlGetAppContainerNamedObjectPath [0x770B72ED+237]
	RtlGetAppContainerNamedObjectPath [0x770B72BD+189]
">
      <![CDATA[org.openqa.selenium.SessionNotCreatedException: session not created: This version of ChromeDriver only supports Chrome version 96
Current browser version is 98.0.4758.82 with binary path C:\Program Files\Google\Chrome\Application\chrome.exe
Build info: version: '3.13.0', revision: '2f0d292', time: '2018-06-25T15:24:21.231Z'
System info: host: 'A-ABDELSATAR', ip: '197.168.3.131', os.name: 'Windows 10', os.arch: 'amd64', os.version: '10.0', java.version: '16.0.2'
Driver info: driver.version: ChromeDriver
remote stacktrace: Backtrace:
Ordinal0 [0x013F6903+2517251]
Ordinal0 [0x0138F8E1+2095329]
Ordinal0 [0x01292848+1058888]
Ordinal0 [0x012B0B9D+1182621]
Ordinal0 [0x012ACA60+1165920]
Ordinal0 [0x012AA2CF+1155791]
Ordinal0 [0x012DAAAF+1354415]
Ordinal0 [0x012DA71A+1353498]
Ordinal0 [0x012D639B+1336219]
Ordinal0 [0x012B27A7+1189799]
Ordinal0 [0x012B3609+1193481]
GetHandleVerifier [0x01585904+1577972]
GetHandleVerifier [0x01630B97+2279047]
GetHandleVerifier [0x01486D09+534521]
GetHandleVerifier [0x01485DB9+530601]
Ordinal0 [0x01394FF9+2117625]
Ordinal0 [0x013998A8+2136232]
Ordinal0 [0x013999E2+2136546]
Ordinal0 [0x013A3541+2176321]
BaseThreadInitThunk [0x746E0419+25]
RtlGetAppContainerNamedObjectPath [0x770B72ED+237]
RtlGetAppContainerNamedObjectPath [0x770B72BD+189]

at org.openqa.selenium.remote.W3CHandshakeResponse.lambda$new$0(W3CHandshakeResponse.java:57)
at org.openqa.selenium.remote.W3CHandshakeResponse.lambda$getResponseFunction$2(W3CHandshakeResponse.java:104)
at org.openqa.selenium.remote.ProtocolHandshake.lambda$createSession$0(ProtocolHandshake.java:123)
at java.base/java.util.stream.ReferencePipeline$3$1.accept(ReferencePipeline.java:197)
at java.base/java.util.Spliterators$ArraySpliterator.tryAdvance(Spliterators.java:958)
at java.base/java.util.stream.ReferencePipeline.forEachWithCancel(ReferencePipeline.java:129)
at java.base/java.util.stream.AbstractPipeline.copyIntoWithCancel(AbstractPipeline.java:502)
at java.base/java.util.stream.AbstractPipeline.copyInto(AbstractPipeline.java:488)
at java.base/java.util.stream.AbstractPipeline.wrapAndCopyInto(AbstractPipeline.java:474)
at java.base/java.util.stream.FindOps$FindOp.evaluateSequential(FindOps.java:150)
at java.base/java.util.stream.AbstractPipeline.evaluate(AbstractPipeline.java:234)
at java.base/java.util.stream.ReferencePipeline.findFirst(ReferencePipeline.java:647)
at org.openqa.selenium.remote.ProtocolHandshake.createSession(ProtocolHandshake.java:126)
at org.openqa.selenium.remote.ProtocolHandshake.createSession(ProtocolHandshake.java:73)
at org.openqa.selenium.remote.HttpCommandExecutor.execute(HttpCommandExecutor.java:136)
at org.openqa.selenium.remote.service.DriverCommandExecutor.execute(DriverCommandExecutor.java:83)
at org.openqa.selenium.remote.RemoteWebDriver.execute(RemoteWebDriver.java:548)
at org.openqa.selenium.remote.RemoteWebDriver.startSession(RemoteWebDriver.java:212)
at org.openqa.selenium.remote.RemoteWebDriver.<init>(RemoteWebDriver.java:130)
at org.openqa.selenium.chrome.ChromeDriver.<init>(ChromeDriver.java:181)
at org.openqa.selenium.chrome.ChromeDriver.<init>(ChromeDriver.java:168)
at org.openqa.selenium.chrome.ChromeDriver.<init>(ChromeDriver.java:157)
at baseSetup.Config_Setup.Setup(Config_Setup.java:59)
at java.base/java.util.ArrayList.forEach(ArrayList.java:1511)
... Removed 36 stack frames]]>
    </failure>
  </testcase> <!-- @BeforeMethod Setup -->
  <testcase classname="baseSetup.Config_Setup" name="@AfterMethod after_Method" time="-1.644910176044E9">
    <skipped/>
  </testcase> <!-- @AfterMethod after_Method -->
  <testcase classname="baseSetup.Config_Setup" name="@BeforeMethod Setup" time="-1.644910176045E9">
    <skipped/>
  </testcase> <!-- @BeforeMethod Setup -->
  <testcase classname="baseSetup.Config_Setup" name="@AfterMethod after_Method" time="-1.644910176051E9">
    <skipped/>
  </testcase> <!-- @AfterMethod after_Method -->
  <testcase classname="baseSetup.Config_Setup" name="@BeforeMethod Setup" time="0.828">
    <failure type="org.openqa.selenium.SessionNotCreatedException" message="session not created: This version of ChromeDriver only supports Chrome version 96
Current browser version is 98.0.4758.82 with binary path C:\Program Files\Google\Chrome\Application\chrome.exe
Build info: version: &amp;apos;3.13.0&amp;apos;, revision: &amp;apos;2f0d292&amp;apos;, time: &amp;apos;2018-06-25T15:24:21.231Z&amp;apos;
System info: host: &amp;apos;A-ABDELSATAR&amp;apos;, ip: &amp;apos;197.168.3.131&amp;apos;, os.name: &amp;apos;Windows 10&amp;apos;, os.arch: &amp;apos;amd64&amp;apos;, os.version: &amp;apos;10.0&amp;apos;, java.version: &amp;apos;16.0.2&amp;apos;
Driver info: driver.version: ChromeDriver
remote stacktrace: Backtrace:
	Ordinal0 [0x013F6903+2517251]
	Ordinal0 [0x0138F8E1+2095329]
	Ordinal0 [0x01292848+1058888]
	Ordinal0 [0x012B0B9D+1182621]
	Ordinal0 [0x012ACA60+1165920]
	Ordinal0 [0x012AA2CF+1155791]
	Ordinal0 [0x012DAAAF+1354415]
	Ordinal0 [0x012DA71A+1353498]
	Ordinal0 [0x012D639B+1336219]
	Ordinal0 [0x012B27A7+1189799]
	Ordinal0 [0x012B3609+1193481]
	GetHandleVerifier [0x01585904+1577972]
	GetHandleVerifier [0x01630B97+2279047]
	GetHandleVerifier [0x01486D09+534521]
	GetHandleVerifier [0x01485DB9+530601]
	Ordinal0 [0x01394FF9+2117625]
	Ordinal0 [0x013998A8+2136232]
	Ordinal0 [0x013999E2+2136546]
	Ordinal0 [0x013A3541+2176321]
	BaseThreadInitThunk [0x746E0419+25]
	RtlGetAppContainerNamedObjectPath [0x770B72ED+237]
	RtlGetAppContainerNamedObjectPath [0x770B72BD+189]
">
      <![CDATA[org.openqa.selenium.SessionNotCreatedException: session not created: This version of ChromeDriver only supports Chrome version 96
Current browser version is 98.0.4758.82 with binary path C:\Program Files\Google\Chrome\Application\chrome.exe
Build info: version: '3.13.0', revision: '2f0d292', time: '2018-06-25T15:24:21.231Z'
System info: host: 'A-ABDELSATAR', ip: '197.168.3.131', os.name: 'Windows 10', os.arch: 'amd64', os.version: '10.0', java.version: '16.0.2'
Driver info: driver.version: ChromeDriver
remote stacktrace: Backtrace:
Ordinal0 [0x013F6903+2517251]
Ordinal0 [0x0138F8E1+2095329]
Ordinal0 [0x01292848+1058888]
Ordinal0 [0x012B0B9D+1182621]
Ordinal0 [0x012ACA60+1165920]
Ordinal0 [0x012AA2CF+1155791]
Ordinal0 [0x012DAAAF+1354415]
Ordinal0 [0x012DA71A+1353498]
Ordinal0 [0x012D639B+1336219]
Ordinal0 [0x012B27A7+1189799]
Ordinal0 [0x012B3609+1193481]
GetHandleVerifier [0x01585904+1577972]
GetHandleVerifier [0x01630B97+2279047]
GetHandleVerifier [0x01486D09+534521]
GetHandleVerifier [0x01485DB9+530601]
Ordinal0 [0x01394FF9+2117625]
Ordinal0 [0x013998A8+2136232]
Ordinal0 [0x013999E2+2136546]
Ordinal0 [0x013A3541+2176321]
BaseThreadInitThunk [0x746E0419+25]
RtlGetAppContainerNamedObjectPath [0x770B72ED+237]
RtlGetAppContainerNamedObjectPath [0x770B72BD+189]

at org.openqa.selenium.remote.W3CHandshakeResponse.lambda$new$0(W3CHandshakeResponse.java:57)
at org.openqa.selenium.remote.W3CHandshakeResponse.lambda$getResponseFunction$2(W3CHandshakeResponse.java:104)
at org.openqa.selenium.remote.ProtocolHandshake.lambda$createSession$0(ProtocolHandshake.java:123)
at java.base/java.util.stream.ReferencePipeline$3$1.accept(ReferencePipeline.java:197)
at java.base/java.util.Spliterators$ArraySpliterator.tryAdvance(Spliterators.java:958)
at java.base/java.util.stream.ReferencePipeline.forEachWithCancel(ReferencePipeline.java:129)
at java.base/java.util.stream.AbstractPipeline.copyIntoWithCancel(AbstractPipeline.java:502)
at java.base/java.util.stream.AbstractPipeline.copyInto(AbstractPipeline.java:488)
at java.base/java.util.stream.AbstractPipeline.wrapAndCopyInto(AbstractPipeline.java:474)
at java.base/java.util.stream.FindOps$FindOp.evaluateSequential(FindOps.java:150)
at java.base/java.util.stream.AbstractPipeline.evaluate(AbstractPipeline.java:234)
at java.base/java.util.stream.ReferencePipeline.findFirst(ReferencePipeline.java:647)
at org.openqa.selenium.remote.ProtocolHandshake.createSession(ProtocolHandshake.java:126)
at org.openqa.selenium.remote.ProtocolHandshake.createSession(ProtocolHandshake.java:73)
at org.openqa.selenium.remote.HttpCommandExecutor.execute(HttpCommandExecutor.java:136)
at org.openqa.selenium.remote.service.DriverCommandExecutor.execute(DriverCommandExecutor.java:83)
at org.openqa.selenium.remote.RemoteWebDriver.execute(RemoteWebDriver.java:548)
at org.openqa.selenium.remote.RemoteWebDriver.startSession(RemoteWebDriver.java:212)
at org.openqa.selenium.remote.RemoteWebDriver.<init>(RemoteWebDriver.java:130)
at org.openqa.selenium.chrome.ChromeDriver.<init>(ChromeDriver.java:181)
at org.openqa.selenium.chrome.ChromeDriver.<init>(ChromeDriver.java:168)
at org.openqa.selenium.chrome.ChromeDriver.<init>(ChromeDriver.java:157)
at baseSetup.Config_Setup.Setup(Config_Setup.java:59)
at java.base/java.util.ArrayList.forEach(ArrayList.java:1511)
... Removed 36 stack frames]]>
    </failure>
  </testcase> <!-- @BeforeMethod Setup -->
  <testcase classname="baseSetup.Config_Setup" name="@AfterMethod after_Method" time="-1.64491017689E9">
    <skipped/>
  </testcase> <!-- @AfterMethod after_Method -->
  <testcase classname="testCases.LoginPageTest" name="Test1" time="0.0">
    <skipped/>
  </testcase> <!-- Test1 -->
  <testcase classname="testCases.LoginPageTest" name="Test2" time="0.0">
    <skipped/>
  </testcase> <!-- Test2 -->
  <testcase classname="testCases.HomePageTest" name="test_homePage4" time="0.0">
    <skipped/>
  </testcase> <!-- test_homePage4 -->
  <testcase classname="testCases.LoginPageTest" name="Test3" time="0.0">
    <ignored/>
  </testcase> <!-- Test3 -->
</testsuite> <!-- Test -->
