<?xml version="1.0" encoding="UTF-8"?>
<testng-results total="3" passed="3" failed="0" skipped="0">
  <reporter-output>
  </reporter-output>
  <suite started-at="2022-01-19T15:03:01Z" name="Suite" finished-at="2022-01-19T15:03:09Z" duration-ms="8338">
    <groups>
    </groups>
    <test started-at="2022-01-19T15:03:01Z" name="Test" finished-at="2022-01-19T15:03:09Z" duration-ms="8338">
      <class name="testCases.Reports">
        <test-method is-config="true" signature="before_Method()[pri:0, instance:testCases.Reports@7ef82753]" started-at="2022-01-19T17:03:01Z" name="before_Method" finished-at="2022-01-19T17:03:01Z" duration-ms="78" status="PASS">
          <reporter-output>
          </reporter-output>
        </test-method> <!-- before_Method -->
        <test-method is-config="true" signature="after_Suite()[pri:0, instance:testCases.Reports@7ef82753]" started-at="2022-01-19T17:03:09Z" name="after_Suite" finished-at="2022-01-19T17:03:09Z" duration-ms="168" status="PASS">
          <reporter-output>
          </reporter-output>
        </test-method> <!-- after_Suite -->
      </class> <!-- testCases.Reports -->
      <class name="testCases.LoginPageTest">
        <test-method is-config="true" signature="Setup(java.lang.reflect.Method, java.lang.String)[pri:0, instance:testCases.LoginPageTest@74d1dc36]" started-at="2022-01-19T17:03:01Z" name="Setup" finished-at="2022-01-19T17:03:02Z" duration-ms="985" status="PASS">
          <params>
            <param index="0">
              <value>
                <![CDATA[public void testCases.LoginPageTest.Test1() throws java.lang.Exception]]>
              </value>
            </param>
            <param index="1">
              <value>
                <![CDATA[chrome]]>
              </value>
            </param>
          </params>
          <reporter-output>
          </reporter-output>
        </test-method> <!-- Setup -->
        <test-method signature="Test1()[pri:0, instance:testCases.LoginPageTest@74d1dc36]" started-at="2022-01-19T17:03:02Z" name="Test1" finished-at="2022-01-19T17:03:03Z" duration-ms="883" status="PASS">
          <reporter-output>
          </reporter-output>
        </test-method> <!-- Test1 -->
        <test-method is-config="true" signature="after_Method(org.testng.ITestResult, java.lang.reflect.Method)[pri:0, instance:testCases.LoginPageTest@74d1dc36]" started-at="2022-01-19T17:03:03Z" name="after_Method" finished-at="2022-01-19T17:03:03Z" duration-ms="255" status="PASS">
          <params>
            <param index="0">
              <value>
                <![CDATA[[TestResult name=Test1 status=SUCCESS method=LoginPageTest.Test1()[pri:0, instance:testCases.LoginPageTest@74d1dc36] output={null}]]]>
              </value>
            </param>
            <param index="1">
              <value>
                <![CDATA[public void testCases.LoginPageTest.Test1() throws java.lang.Exception]]>
              </value>
            </param>
          </params>
          <reporter-output>
          </reporter-output>
        </test-method> <!-- after_Method -->
        <test-method is-config="true" signature="Setup(java.lang.reflect.Method, java.lang.String)[pri:0, instance:testCases.LoginPageTest@74d1dc36]" started-at="2022-01-19T17:03:03Z" name="Setup" finished-at="2022-01-19T17:03:04Z" duration-ms="586" status="PASS">
          <params>
            <param index="0">
              <value>
                <![CDATA[public void testCases.LoginPageTest.Test2()]]>
              </value>
            </param>
            <param index="1">
              <value>
                <![CDATA[chrome]]>
              </value>
            </param>
          </params>
          <reporter-output>
          </reporter-output>
        </test-method> <!-- Setup -->
        <test-method signature="Test2()[pri:0, instance:testCases.LoginPageTest@74d1dc36]" started-at="2022-01-19T17:03:04Z" name="Test2" finished-at="2022-01-19T17:03:04Z" duration-ms="755" status="PASS">
          <reporter-output>
          </reporter-output>
        </test-method> <!-- Test2 -->
        <test-method is-config="true" signature="after_Method(org.testng.ITestResult, java.lang.reflect.Method)[pri:0, instance:testCases.LoginPageTest@74d1dc36]" started-at="2022-01-19T17:03:04Z" name="after_Method" finished-at="2022-01-19T17:03:05Z" duration-ms="215" status="PASS">
          <params>
            <param index="0">
              <value>
                <![CDATA[[TestResult name=Test2 status=SUCCESS method=LoginPageTest.Test2()[pri:0, instance:testCases.LoginPageTest@74d1dc36] output={null}]]]>
              </value>
            </param>
            <param index="1">
              <value>
                <![CDATA[public void testCases.LoginPageTest.Test2()]]>
              </value>
            </param>
          </params>
          <reporter-output>
          </reporter-output>
        </test-method> <!-- after_Method -->
      </class> <!-- testCases.LoginPageTest -->
      <class name="testCases.HomePageTest">
        <test-method is-config="true" signature="Setup(java.lang.reflect.Method, java.lang.String)[pri:0, instance:testCases.HomePageTest@75d3a5e0]" started-at="2022-01-19T17:03:05Z" name="Setup" finished-at="2022-01-19T17:03:05Z" duration-ms="671" status="PASS">
          <params>
            <param index="0">
              <value>
                <![CDATA[public void testCases.HomePageTest.test_homePage4() throws java.lang.InterruptedException,java.lang.Exception]]>
              </value>
            </param>
            <param index="1">
              <value>
                <![CDATA[chrome]]>
              </value>
            </param>
          </params>
          <reporter-output>
          </reporter-output>
        </test-method> <!-- Setup -->
        <test-method signature="test_homePage4()[pri:0, instance:testCases.HomePageTest@75d3a5e0]" started-at="2022-01-19T17:03:05Z" name="test_homePage4" finished-at="2022-01-19T17:03:09Z" duration-ms="3788" status="PASS">
          <reporter-output>
          </reporter-output>
        </test-method> <!-- test_homePage4 -->
        <test-method is-config="true" signature="after_Method(org.testng.ITestResult, java.lang.reflect.Method)[pri:0, instance:testCases.HomePageTest@75d3a5e0]" started-at="2022-01-19T17:03:09Z" name="after_Method" finished-at="2022-01-19T17:03:09Z" duration-ms="200" status="PASS">
          <params>
            <param index="0">
              <value>
                <![CDATA[[TestResult name=test_homePage4 status=SUCCESS method=HomePageTest.test_homePage4()[pri:0, instance:testCases.HomePageTest@75d3a5e0] output={null}]]]>
              </value>
            </param>
            <param index="1">
              <value>
                <![CDATA[public void testCases.HomePageTest.test_homePage4() throws java.lang.InterruptedException,java.lang.Exception]]>
              </value>
            </param>
          </params>
          <reporter-output>
          </reporter-output>
        </test-method> <!-- after_Method -->
      </class> <!-- testCases.HomePageTest -->
    </test> <!-- Test -->
  </suite> <!-- Suite -->
</testng-results>
